2018-12-01 21:19:57,367 [MainThread  ] [ERROR]  cannot find download area.
2018-12-01 22:25:36,200 [MainThread  ] [ERROR]  cannot find download area.
2018-12-01 22:30:07,145 [MainThread  ] [ERROR]  page https://www.redfin.com/city/250/VA/Alexandria/recently-sold parser error occur.
2018-12-01 22:30:13,308 [MainThread  ] [ERROR]  cannot find download area.
2018-12-02 21:46:42,426 [MainThread  ] [ERROR]  cannot find download area.
2018-12-02 21:47:04,928 [MainThread  ] [ERROR]  page https://www.redfin.com/city/245/NY/Albany/recently-sold parser error occur.
2018-12-02 21:48:06,922 [MainThread  ] [ERROR]  cannot find download area.
2018-12-02 21:49:19,013 [MainThread  ] [ERROR]  page https://www.redfin.com/city/30756/GA/Atlanta/recently-sold parser error occur.
2018-12-02 21:49:29,111 [MainThread  ] [ERROR]  cannot find download area.
2018-12-02 21:50:50,869 [MainThread  ] [ERROR]  page https://www.redfin.com/city/30818/TX/Austin/recently-sold parser error occur.
2018-12-02 21:51:01,807 [MainThread  ] [ERROR]  cannot find download area.
2018-12-02 21:52:14,755 [MainThread  ] [ERROR]  page https://www.redfin.com/city/1073/MD/Baltimore/recently-sold parser error occur.
2018-12-02 21:52:40,454 [MainThread  ] [ERROR]  cannot find download area.
2018-12-02 21:53:11,494 [MainThread  ] [ERROR]  page https://www.redfin.com/city/1387/WA/Bellevue/recently-sold parser error occur.
2018-12-02 21:53:50,818 [MainThread  ] [ERROR]  cannot find download area.
2018-12-02 21:55:13,109 [MainThread  ] [ERROR]  page https://www.redfin.com/city/1826/MA/Boston/recently-sold parser error occur.
2018-12-02 21:55:19,293 [MainThread  ] [ERROR]  cannot find download area.
2018-12-02 21:56:25,980 [MainThread  ] [ERROR]  page https://www.redfin.com/city/2832/NY/Buffalo/recently-sold parser error occur.
2019-02-04 12:04:48,937 [MainThread  ] [ERROR]  cannot find download area.
2019-02-04 12:05:26,323 [MainThread  ] [ERROR]  page https://www.redfin.com/city/21282/VA/Arlington/recently-sold parser error occur.
2019-02-04 12:05:37,402 [MainThread  ] [ERROR]  cannot find download area.
2019-02-04 12:06:51,472 [MainThread  ] [ERROR]  page https://www.redfin.com/city/30756/GA/Atlanta/recently-sold parser error occur.
2019-02-04 12:06:58,167 [MainThread  ] [ERROR]  cannot find download area.
2019-02-04 12:07:21,660 [MainThread  ] [CRITI]  make single page request https://www.redfin.com/city/308/TX/Austin/recently-sold blocked.
